{"/workspace/utils.js": {"path":"/workspace/utils.js","statementMap":{"0":{"start":{"line":1,"column":26},"end":{"line":1,"column":74}},"1":{"start":{"line":1,"column":38},"end":{"line":1,"column":73}},"2":{"start":{"line":9,"column":27},"end":{"line":28,"column":1}},"3":{"start":{"line":10,"column":26},"end":{"line":15,"column":3}},"4":{"start":{"line":17,"column":17},"end":{"line":17,"column":54}},"5":{"start":{"line":20,"column":24},"end":{"line":20,"column":54}},"6":{"start":{"line":23,"column":2},"end":{"line":25,"column":3}},"7":{"start":{"line":24,"column":4},"end":{"line":24,"column":50}},"8":{"start":{"line":27,"column":2},"end":{"line":27,"column":47}}},"fnMap":{"0":{"name":"(anonymous_0)","decl":{"start":{"line":1,"column":26},"end":{"line":1,"column":27}},"loc":{"start":{"line":1,"column":38},"end":{"line":1,"column":73}},"line":1},"1":{"name":"(anonymous_1)","decl":{"start":{"line":9,"column":27},"end":{"line":9,"column":28}},"loc":{"start":{"line":9,"column":57},"end":{"line":28,"column":1}},"line":9}},"branchMap":{"0":{"loc":{"start":{"line":1,"column":38},"end":{"line":1,"column":73}},"type":"cond-expr","locations":[{"start":{"line":1,"column":65},"end":{"line":1,"column":68}},{"start":{"line":1,"column":71},"end":{"line":1,"column":73}}],"line":1},"1":{"loc":{"start":{"line":1,"column":38},"end":{"line":1,"column":62}},"type":"binary-expr","locations":[{"start":{"line":1,"column":38},"end":{"line":1,"column":49}},{"start":{"line":1,"column":53},"end":{"line":1,"column":62}}],"line":1},"2":{"loc":{"start":{"line":9,"column":36},"end":{"line":9,"column":52}},"type":"default-arg","locations":[{"start":{"line":9,"column":47},"end":{"line":9,"column":52}}],"line":9},"3":{"loc":{"start":{"line":17,"column":17},"end":{"line":17,"column":54}},"type":"binary-expr","locations":[{"start":{"line":17,"column":17},"end":{"line":17,"column":42}},{"start":{"line":17,"column":46},"end":{"line":17,"column":54}}],"line":17},"4":{"loc":{"start":{"line":23,"column":2},"end":{"line":25,"column":3}},"type":"if","locations":[{"start":{"line":23,"column":2},"end":{"line":25,"column":3}},{"start":{},"end":{}}],"line":23}},"s":{"0":1,"1":0,"2":1,"3":30,"4":30,"5":30,"6":30,"7":4,"8":26},"f":{"0":0,"1":30},"b":{"0":[0,0],"1":[0,0],"2":[13],"3":[30,3],"4":[4,26]},"_coverageSchema":"1a1c01bbd47fc00a2c39e90264f33305004495a9","hash":"4b7590f4640c9971d6edde710da14c92a0b54ade"}
,"/workspace/components/DashboardMap.js": {"path":"/workspace/components/DashboardMap.js","statementMap":{"0":{"start":{"line":4,"column":21},"end":{"line":62,"column":1}},"1":{"start":{"line":5,"column":23},"end":{"line":8,"column":4}},"2":{"start":{"line":10,"column":2},"end":{"line":10,"column":42}},"3":{"start":{"line":11,"column":2},"end":{"line":11,"column":42}},"4":{"start":{"line":12,"column":25},"end":{"line":15,"column":3}},"5":{"start":{"line":17,"column":17},"end":{"line":20,"column":3}},"6":{"start":{"line":22,"column":24},"end":{"line":22,"column":44}},"7":{"start":{"line":24,"column":17},"end":{"line":28,"column":8}},"8":{"start":{"line":25,"column":19},"end":{"line":25,"column":56}},"9":{"start":{"line":26,"column":4},"end":{"line":26,"column":25}},"10":{"start":{"line":27,"column":4},"end":{"line":27,"column":15}},"11":{"start":{"line":30,"column":20},"end":{"line":32,"column":8}},"12":{"start":{"line":31,"column":4},"end":{"line":31,"column":16}},"13":{"start":{"line":35,"column":4},"end":{"line":35,"column":100}},"14":{"start":{"line":37,"column":2},"end":{"line":61,"column":3}},"15":{"start":{"line":46,"column":8},"end":{"line":55,"column":10}}},"fnMap":{"0":{"name":"(anonymous_0)","decl":{"start":{"line":4,"column":21},"end":{"line":4,"column":22}},"loc":{"start":{"line":4,"column":41},"end":{"line":62,"column":1}},"line":4},"1":{"name":"callback","decl":{"start":{"line":24,"column":44},"end":{"line":24,"column":52}},"loc":{"start":{"line":24,"column":58},"end":{"line":28,"column":3}},"line":24},"2":{"name":"callback","decl":{"start":{"line":30,"column":47},"end":{"line":30,"column":55}},"loc":{"start":{"line":30,"column":61},"end":{"line":32,"column":3}},"line":30},"3":{"name":"(anonymous_3)","decl":{"start":{"line":45,"column":22},"end":{"line":45,"column":23}},"loc":{"start":{"line":46,"column":8},"end":{"line":55,"column":10}},"line":46}},"branchMap":{"0":{"loc":{"start":{"line":37,"column":9},"end":{"line":61,"column":3}},"type":"cond-expr","locations":[{"start":{"line":38,"column":4},"end":{"line":58,"column":16}},{"start":{"line":60,"column":4},"end":{"line":60,"column":9}}],"line":37}},"s":{"0":0,"1":0,"2":0,"3":0,"4":0,"5":0,"6":0,"7":0,"8":0,"9":0,"10":0,"11":0,"12":0,"13":0,"14":0,"15":0},"f":{"0":0,"1":0,"2":0,"3":0},"b":{"0":[0,0]}}
,"/workspace/components/Image.js": {"path":"/workspace/components/Image.js","statementMap":{"0":{"start":{"line":3,"column":14},"end":{"line":9,"column":1}},"1":{"start":{"line":4,"column":2},"end":{"line":8,"column":3}}},"fnMap":{"0":{"name":"(anonymous_0)","decl":{"start":{"line":3,"column":14},"end":{"line":3,"column":15}},"loc":{"start":{"line":3,"column":41},"end":{"line":9,"column":1}},"line":3}},"branchMap":{"0":{"loc":{"start":{"line":5,"column":20},"end":{"line":5,"column":72}},"type":"cond-expr","locations":[{"start":{"line":5,"column":50},"end":{"line":5,"column":62}},{"start":{"line":5,"column":65},"end":{"line":5,"column":72}}],"line":5}},"s":{"0":0,"1":0},"f":{"0":0},"b":{"0":[0,0]}}
,"/workspace/components/Map.js": {"path":"/workspace/components/Map.js","statementMap":{"0":{"start":{"line":4,"column":12},"end":{"line":58,"column":1}},"1":{"start":{"line":5,"column":23},"end":{"line":8,"column":4}},"2":{"start":{"line":10,"column":2},"end":{"line":10,"column":43}},"3":{"start":{"line":11,"column":2},"end":{"line":11,"column":43}},"4":{"start":{"line":12,"column":25},"end":{"line":15,"column":3}},"5":{"start":{"line":17,"column":2},"end":{"line":17,"column":27}},"6":{"start":{"line":18,"column":17},"end":{"line":21,"column":3}},"7":{"start":{"line":23,"column":24},"end":{"line":23,"column":44}},"8":{"start":{"line":25,"column":17},"end":{"line":29,"column":8}},"9":{"start":{"line":26,"column":19},"end":{"line":26,"column":56}},"10":{"start":{"line":27,"column":4},"end":{"line":27,"column":25}},"11":{"start":{"line":28,"column":4},"end":{"line":28,"column":15}},"12":{"start":{"line":31,"column":20},"end":{"line":33,"column":8}},"13":{"start":{"line":32,"column":4},"end":{"line":32,"column":16}},"14":{"start":{"line":36,"column":4},"end":{"line":36,"column":100}},"15":{"start":{"line":38,"column":2},"end":{"line":57,"column":3}}},"fnMap":{"0":{"name":"(anonymous_0)","decl":{"start":{"line":4,"column":12},"end":{"line":4,"column":13}},"loc":{"start":{"line":4,"column":30},"end":{"line":58,"column":1}},"line":4},"1":{"name":"callback","decl":{"start":{"line":25,"column":44},"end":{"line":25,"column":52}},"loc":{"start":{"line":25,"column":58},"end":{"line":29,"column":3}},"line":25},"2":{"name":"callback","decl":{"start":{"line":31,"column":47},"end":{"line":31,"column":55}},"loc":{"start":{"line":31,"column":61},"end":{"line":33,"column":3}},"line":31}},"branchMap":{"0":{"loc":{"start":{"line":38,"column":9},"end":{"line":57,"column":3}},"type":"cond-expr","locations":[{"start":{"line":39,"column":4},"end":{"line":54,"column":16}},{"start":{"line":56,"column":4},"end":{"line":56,"column":9}}],"line":38}},"s":{"0":0,"1":0,"2":0,"3":0,"4":0,"5":0,"6":0,"7":0,"8":0,"9":0,"10":0,"11":0,"12":0,"13":0,"14":0,"15":0},"f":{"0":0,"1":0,"2":0},"b":{"0":[0,0]}}
,"/workspace/components/NavBar.js": {"path":"/workspace/components/NavBar.js","statementMap":{"0":{"start":{"line":1,"column":15},"end":{"line":7,"column":1}},"1":{"start":{"line":2,"column":2},"end":{"line":6,"column":3}}},"fnMap":{"0":{"name":"(anonymous_0)","decl":{"start":{"line":1,"column":15},"end":{"line":1,"column":16}},"loc":{"start":{"line":1,"column":21},"end":{"line":7,"column":1}},"line":1}},"branchMap":{},"s":{"0":0,"1":0},"f":{"0":0},"b":{}}
,"/workspace/components/Review.js": {"path":"/workspace/components/Review.js","statementMap":{"0":{"start":{"line":3,"column":15},"end":{"line":18,"column":1}},"1":{"start":{"line":5,"column":2},"end":{"line":17,"column":3}}},"fnMap":{"0":{"name":"(anonymous_0)","decl":{"start":{"line":3,"column":15},"end":{"line":3,"column":16}},"loc":{"start":{"line":3,"column":31},"end":{"line":18,"column":1}},"line":3}},"branchMap":{},"s":{"0":0,"1":0},"f":{"0":0},"b":{}}
,"/workspace/pages/_app.js": {"path":"/workspace/pages/_app.js","statementMap":{"0":{"start":{"line":4,"column":14},"end":{"line":11,"column":1}},"1":{"start":{"line":5,"column":2},"end":{"line":10,"column":3}}},"fnMap":{"0":{"name":"(anonymous_0)","decl":{"start":{"line":4,"column":14},"end":{"line":4,"column":15}},"loc":{"start":{"line":4,"column":44},"end":{"line":11,"column":1}},"line":4}},"branchMap":{},"s":{"0":0,"1":0},"f":{"0":0},"b":{}}
,"/workspace/pages/index.js": {"path":"/workspace/pages/index.js","statementMap":{"0":{"start":{"line":6,"column":13},"end":{"line":39,"column":1}},"1":{"start":{"line":7,"column":2},"end":{"line":7,"column":25}},"2":{"start":{"line":8,"column":2},"end":{"line":38,"column":3}},"3":{"start":{"line":16,"column":16},"end":{"line":28,"column":23}},"4":{"start":{"line":41,"column":34},"end":{"line":58,"column":1}},"5":{"start":{"line":42,"column":16},"end":{"line":42,"column":41}},"6":{"start":{"line":43,"column":21},"end":{"line":43,"column":52}},"7":{"start":{"line":45,"column":2},"end":{"line":57,"column":3}},"8":{"start":{"line":46,"column":4},"end":{"line":50,"column":5}},"9":{"start":{"line":52,"column":4},"end":{"line":56,"column":5}}},"fnMap":{"0":{"name":"(anonymous_0)","decl":{"start":{"line":6,"column":13},"end":{"line":6,"column":14}},"loc":{"start":{"line":6,"column":33},"end":{"line":39,"column":1}},"line":6},"1":{"name":"(anonymous_1)","decl":{"start":{"line":15,"column":30},"end":{"line":15,"column":31}},"loc":{"start":{"line":16,"column":16},"end":{"line":28,"column":23}},"line":16},"2":{"name":"(anonymous_2)","decl":{"start":{"line":41,"column":34},"end":{"line":41,"column":35}},"loc":{"start":{"line":41,"column":46},"end":{"line":58,"column":1}},"line":41}},"branchMap":{"0":{"loc":{"start":{"line":10,"column":7},"end":{"line":36,"column":7}},"type":"binary-expr","locations":[{"start":{"line":10,"column":7},"end":{"line":10,"column":17}},{"start":{"line":11,"column":8},"end":{"line":35,"column":14}}],"line":10},"1":{"loc":{"start":{"line":45,"column":2},"end":{"line":57,"column":3}},"type":"if","locations":[{"start":{"line":45,"column":2},"end":{"line":57,"column":3}},{"start":{"line":51,"column":9},"end":{"line":57,"column":3}}],"line":45}},"s":{"0":0,"1":0,"2":0,"3":0,"4":0,"5":0,"6":0,"7":0,"8":0,"9":0},"f":{"0":0,"1":0,"2":0},"b":{"0":[0,0],"1":[0,0]}}
,"/workspace/pages/api/hello.js": {"path":"/workspace/pages/api/hello.js","statementMap":{"0":{"start":{"line":4,"column":2},"end":{"line":4,"column":44}}},"fnMap":{"0":{"name":"(anonymous_0)","decl":{"start":{"line":3,"column":15},"end":{"line":3,"column":16}},"loc":{"start":{"line":3,"column":29},"end":{"line":5,"column":1}},"line":3}},"branchMap":{},"s":{"0":0},"f":{"0":0},"b":{}}
,"/workspace/pages/property/[slug].js": {"path":"/workspace/pages/property/[slug].js","statementMap":{"0":{"start":{"line":8,"column":17},"end":{"line":103,"column":1}},"1":{"start":{"line":21,"column":23},"end":{"line":21,"column":37}},"2":{"start":{"line":23,"column":2},"end":{"line":23,"column":21}},"3":{"start":{"line":24,"column":2},"end":{"line":102,"column":3}},"4":{"start":{"line":36,"column":12},"end":{"line":36,"column":65}},"5":{"start":{"line":95,"column":32},"end":{"line":95,"column":76}},"6":{"start":{"line":105,"column":34},"end":{"line":159,"column":1}},"7":{"start":{"line":106,"column":19},"end":{"line":106,"column":41}},"8":{"start":{"line":108,"column":16},"end":{"line":133,"column":4}},"9":{"start":{"line":135,"column":19},"end":{"line":135,"column":64}},"10":{"start":{"line":137,"column":2},"end":{"line":158,"column":3}},"11":{"start":{"line":138,"column":4},"end":{"line":141,"column":5}},"12":{"start":{"line":143,"column":4},"end":{"line":157,"column":5}}},"fnMap":{"0":{"name":"(anonymous_0)","decl":{"start":{"line":8,"column":17},"end":{"line":8,"column":18}},"loc":{"start":{"line":20,"column":6},"end":{"line":103,"column":1}},"line":20},"1":{"name":"(anonymous_1)","decl":{"start":{"line":35,"column":22},"end":{"line":35,"column":23}},"loc":{"start":{"line":36,"column":12},"end":{"line":36,"column":65}},"line":36},"2":{"name":"(anonymous_2)","decl":{"start":{"line":95,"column":20},"end":{"line":95,"column":21}},"loc":{"start":{"line":95,"column":32},"end":{"line":95,"column":76}},"line":95},"3":{"name":"(anonymous_3)","decl":{"start":{"line":105,"column":34},"end":{"line":105,"column":35}},"loc":{"start":{"line":105,"column":57},"end":{"line":159,"column":1}},"line":105}},"branchMap":{"0":{"loc":{"start":{"line":94,"column":7},"end":{"line":95,"column":77}},"type":"binary-expr","locations":[{"start":{"line":94,"column":7},"end":{"line":94,"column":23}},{"start":{"line":95,"column":8},"end":{"line":95,"column":77}}],"line":94},"1":{"loc":{"start":{"line":137,"column":2},"end":{"line":158,"column":3}},"type":"if","locations":[{"start":{"line":137,"column":2},"end":{"line":158,"column":3}},{"start":{"line":142,"column":9},"end":{"line":158,"column":3}}],"line":137}},"s":{"0":0,"1":0,"2":0,"3":0,"4":0,"5":0,"6":0,"7":0,"8":0,"9":0,"10":0,"11":0,"12":0},"f":{"0":0,"1":0,"2":0,"3":0},"b":{"0":[0,0],"1":[0,0]}}
}
